生成启动时间为 2019/4/7 20:57:34。
     1>项目“D:\cpp\libvlc_player_MFC-master\libvlc_player_MFC\libvlc_player_MFC.vcxproj”在节点 2 上(Build 个目标)。
     1>ClCompile:
         D:\vs2015cpp\Visual Studio 2015\VC\bin\CL.exe /c /ZI /nologo /W3 /WX- /sdl /Od /Oy- /D WIN32 /D _WINDOWS /D _DEBUG /D _UNICODE /D UNICODE /D _AFXDLL /Gm /EHsc /RTC1 /MDd /GS /fp:precise /Zc:wchar_t /Zc:forScope /Zc:inline /Yc"stdafx.h" /Fp"Debug\libvlc_player_MFC.pch" /Fo"Debug\\" /Fd"Debug\vc140.pdb" /Gd /TP /analyze- /errorReport:prompt stdafx.cpp
         stdafx.cpp
         D:\vs2015cpp\Visual Studio 2015\VC\bin\CL.exe /c /ZI /nologo /W3 /WX- /sdl /Od /Oy- /D WIN32 /D _WINDOWS /D _DEBUG /D _UNICODE /D UNICODE /D _AFXDLL /Gm /EHsc /RTC1 /MDd /GS /fp:precise /Zc:wchar_t /Zc:forScope /Zc:inline /Yu"stdafx.h" /Fp"Debug\libvlc_player_MFC.pch" /Fo"Debug\\" /Fd"Debug\vc140.pdb" /Gd /TP /analyze- /errorReport:prompt libvlc_player_MFC.cpp libvlc_player_MFCDlg.cpp
         libvlc_player_MFCDlg.cpp
         libvlc_player_MFC.cpp
         正在生成代码...
       ResourceCompile:
         C:\Program Files (x86)\Windows Kits\8.1\bin\x86\rc.exe /D _DEBUG /D _UNICODE /D UNICODE /D _AFXDLL /l"0x0804" /IDebug\ /nologo /fo"Debug\libvlc_player_MFC.res" libvlc_player_MFC.rc 
       Link:
         D:\vs2015cpp\Visual Studio 2015\VC\bin\link.exe /ERRORREPORT:PROMPT /OUT:"D:\cpp\libvlc_player_MFC-master\Debug\libvlc_player_MFC.exe" /INCREMENTAL /NOLOGO /MANIFEST /MANIFESTUAC:"level='asInvoker' uiAccess='false'" /manifest:embed /manifestinput:"D:\vs2015cpp\Visual Studio 2015\VC\Include\Manifest\dpiaware.manifest" /DEBUG:FASTLINK /PDB:"D:\cpp\libvlc_player_MFC-master\Debug\libvlc_player_MFC.pdb" /SUBSYSTEM:WINDOWS /TLBID:1 /ENTRY:"wWinMainCRTStartup" /DYNAMICBASE /NXCOMPAT /IMPLIB:"D:\cpp\libvlc_player_MFC-master\Debug\libvlc_player_MFC.lib" /MACHINE:X86 Debug\libvlc_player_MFC.res
         Debug\libvlc_player_MFC.obj
         Debug\libvlc_player_MFCDlg.obj
         Debug\stdafx.obj
         libvlc_player_MFC.vcxproj -> D:\cpp\libvlc_player_MFC-master\Debug\libvlc_player_MFC.exe
     1>已完成生成项目“D:\cpp\libvlc_player_MFC-master\libvlc_player_MFC\libvlc_player_MFC.vcxproj”(Build 个目标)的操作。

已成功生成。

已用时间 00:00:04.44
